actionmailer (4.2.0)
actionpack (4.2.0)
actionview (4.2.0)
activejob (4.2.0)
activemodel (4.2.0)
activerecord (4.2.0)
activesupport (4.2.0)
amazon-ecs (2.3.0)
arel (6.0.0)
autoprefixer-rails (5.1.0)
bigdecimal (1.2.0)
binding_of_caller (0.7.2)
bootstrap-sass (3.3.3)
builder (3.2.2)
bundler (1.7.12)
byebug (3.5.1)
coderay (1.1.0)
coffee-rails (4.1.0)
coffee-script (2.3.0)
coffee-script-source (1.8.0)
columnize (0.9.0)
debug_inspector (0.0.2)
debugger-linecache (1.2.0)
diff-lcs (1.2.5)
erubis (2.7.0)
execjs (2.2.2)
globalid (0.3.0)
hike (1.2.3)
i18n (0.7.0)
io-console (0.4.2)
jbuilder (2.2.6)
jquery-rails (4.0.3)
json (1.8.2, 1.7.7)
kaminari (0.16.2)
libv8 (3.16.14.7 x86_64-linux)
loofah (2.0.1)
mail (2.6.3)
method_source (0.8.2)
mime-types (2.4.3)
mini_portile (0.6.2)
minitest (5.5.1, 4.3.2)
mogok (2.1.1)
mono_logger (1.1.0)
multi_json (1.10.1)
multipart-post (1.1.5)
nokogiri (1.6.6.2, 1.6.5)
polling (0.1.5)
pry (0.10.1)
psych (2.0.0)
rack (1.6.0)
rack-protection (1.5.3)
rack-test (0.6.3)
rails (4.2.0)
rails-deprecated_sanitizer (1.0.3)
rails-dom-testing (1.0.5)
rails-html-sanitizer (1.0.1)
railties (4.2.0)
rake (10.4.2, 0.9.6)
rcodetools (0.8.5.0)
rdoc (4.2.0, 4.0.0)
redis (3.2.0)
redis-namespace (1.5.1)
ref (1.0.5)
resque (1.25.2)
rspec (3.2.0)
rspec-core (3.2.0)
rspec-expectations (3.2.0)
rspec-mocks (3.2.0)
rspec-support (3.2.1)
ruby-hmac (0.4.0)
ruby-progressbar (0.0.10)
sass (3.4.10)
sass-rails (5.0.1)
sdoc (0.4.1)
sinatra (1.4.5)
slop (3.6.0)
spring (1.2.0)
sprockets (2.12.3)
sprockets-rails (2.2.4)
sqlite3 (1.3.10)
test-unit (2.0.0.0)
therubyracer (0.12.1)
thor (0.19.1)
thread_safe (0.3.4)
tilt (1.4.1)
turbolinks (2.5.3)
tzinfo (1.2.2)
uglifier (2.7.0)
vegas (0.1.11)
web-console (2.0.0)
yaml_db (0.3.0)
